#
# There is insufficient memory for the Java Runtime Environment to continue.
# Native memory allocation (mmap) failed to map 260046848 bytes for G1 virtual space
# Possible reasons:
#   The system is out of physical RAM or swap space
#   The process is running with CompressedOops enabled, and the Java Heap may be blocking the growth of the native heap
# Possible solutions:
#   Reduce memory load on the system
#   Increase physical memory or swap space
#   Check if swap backing store is full
#   Decrease Java heap size (-Xmx/-Xms)
#   Decrease number of Java threads
#   Decrease Java thread stack sizes (-Xss)
#   Set larger code cache with -XX:ReservedCodeCacheSize=
#   JVM is running with Zero Based Compressed Oops mode in which the Java heap is
#     placed in the first 32GB address space. The Java Heap base address is the
#     maximum limit for the native heap growth. Please use -XX:HeapBaseMinAddress
#     to set the Java Heap base and to place the Java Heap above 32GB virtual address.
# This output file may be truncated or incomplete.
#
#  Out of Memory Error (os_windows.cpp:3825), pid=11880, tid=12920
#
# JRE version:  (17.0.9+7) (build )
# Java VM: OpenJDK 64-Bit Server VM (17.0.9+7-b1087.9, mixed mode, sharing, tiered, compressed oops, compressed class ptrs, g1 gc, windows-amd64)
# No core dump will be written. Minidumps are not enabled by default on client versions of Windows
#

---------------  S U M M A R Y ------------

Command Line: git4idea.http.GitAskPassApp Password for 'https://gayanga@bitbucket.org': 

Host: AMD Ryzen 7 4800H with Radeon Graphics         , 16 cores, 15G,  Windows 11 , 64 bit Build 22621 (10.0.22621.2506)
Time: Sun Jan 21 23:17:13 2024 India Standard Time elapsed time: 0.009607 seconds (0d 0h 0m 0s)

---------------  T H R E A D  ---------------

Current thread (0x0000025d113fe700):  JavaThread "Unknown thread" [_thread_in_vm, id=12920, stack(0x000000a639000000,0x000000a639100000)]

Stack: [0x000000a639000000,0x000000a639100000]
Native frames: (J=compiled Java code, j=interpreted, Vv=VM code, C=native code)
V  [jvm.dll+0x688349]
V  [jvm.dll+0x841bfa]
V  [jvm.dll+0x84383e]
V  [jvm.dll+0x843ea3]
V  [jvm.dll+0x24bdef]
V  [jvm.dll+0x6850f9]
V  [jvm.dll+0x67988a]
V  [jvm.dll+0x30cbfb]
V  [jvm.dll+0x3140a6]
V  [jvm.dll+0x363ede]
V  [jvm.dll+0x36410f]
V  [jvm.dll+0x2e29c8]
V  [jvm.dll+0x2e3934]
V  [jvm.dll+0x812771]
V  [jvm.dll+0x371d41]
V  [jvm.dll+0x7f12bc]
V  [jvm.dll+0x3f59cf]
V  [jvm.dll+0x3f7601]
C  [jli.dll+0x528f]
C  [ucrtbase.dll+0x29363]
C  [KERNEL32.DLL+0x1257d]
C  [ntdll.dll+0x5aa58]


---------------  P R O C E S S  ---------------

Threads class SMR info:
_java_thread_list=0x00007ff92430df18, length=0, elements={
}

Java Threads: ( => current thread )

Other Threads:
  0x0000025d11468860 GCTaskThread "GC Thread#0" [stack: 0x000000a639100000,0x000000a639200000] [id=30652]
  0x0000025d1147ad80 ConcurrentGCThread "G1 Main Marker" [stack: 0x000000a639200000,0x000000a639300000] [id=11332]
  0x0000025d1147b6a0 ConcurrentGCThread "G1 Conc#0" [stack: 0x000000a639300000,0x000000a639400000] [id=19280]

[error occurred during error reporting (printing all threads), id 0xc0000005, EXCEPTION_ACCESS_VIOLATION (0xc0000005) at pc=0x00007ff923ac3597]

VM state: not at safepoint (not fully initialized)

VM Mutex/Monitor currently owned by a thread:  ([mutex/lock_event])
[0x0000025d113fb670] Heap_lock - owner thread: 0x0000025d113fe700

Heap address: 0x0000000709400000, size: 3948 MB, Compressed Oops mode: Zero based, Oop shift amount: 3

CDS archive(s) mapped at: [0x0000000000000000-0x0000000000000000-0x0000000000000000), size 0, SharedBaseAddress: 0x0000000800000000, ArchiveRelocationMode: 1.
Narrow klass base: 0x0000000000000000, Narrow klass shift: 0, Narrow klass range: 0x0

GC Precious Log:
<Empty>

Heap:
 garbage-first heap   total 0K, used 0K [0x0000000709400000, 0x0000000800000000)
  region size 2048K, 0 young (0K), 0 survivors (0K)
 Metaspace       used 0K, committed 0K, reserved 0K
  class space    used 0K, committed 0K, reserved 0K

Heap Regions: E=young(eden), S=young(survivor), O=old, HS=humongous(starts), HC=humongous(continues), CS=collection set, F=free, OA=open archive, CA=closed archive, TAMS=top-at-mark-start (previous, next)

Card table byte_map: [0x0000025d26ac0000,0x0000025d27280000] _byte_map_base: 0x0000025d23276000

Marking Bits (Prev, Next): (CMBitMap*) 0x0000025d1146ad90, (CMBitMap*) 0x0000025d1146add0
 Prev Bits: [0x0000025d27a40000, 0x0000025d2b7f0000)
 Next Bits: [0x0000025d2b7f0000, 0x0000025d2f5a0000)

GC Heap History (0 events):
No events

Dll operation events (1 events):
Event: 0.007 Loaded shared library C:\Program Files\JetBrains\PhpStorm 2023.2.4\jbr\bin\java.dll

Deoptimization events (0 events):
No events

Classes unloaded (0 events):
No events

Classes redefined (0 events):
No events

Internal exceptions (0 events):
No events

VM Operations (0 events):
No events

Events (0 events):
No events


Dynamic libraries:
0x00007ff70b970000 - 0x00007ff70b97a000 	C:\Program Files\JetBrains\PhpStorm 2023.2.4\jbr\bin\java.exe
0x00007ff98ad90000 - 0x00007ff98afa7000 	C:\WINDOWS\SYSTEM32\ntdll.dll
0x00007ff989da0000 - 0x00007ff989e64000 	C:\WINDOWS\System32\KERNEL32.DLL
0x00007ff9885e0000 - 0x00007ff988986000 	C:\WINDOWS\System32\KERNELBASE.dll
0x00007ff9881c0000 - 0x00007ff9882d1000 	C:\WINDOWS\System32\ucrtbase.dll
0x00007ff952d90000 - 0x00007ff952da7000 	C:\Program Files\JetBrains\PhpStorm 2023.2.4\jbr\bin\jli.dll
0x00007ff96a2b0000 - 0x00007ff96a2cb000 	C:\Program Files\JetBrains\PhpStorm 2023.2.4\jbr\bin\VCRUNTIME140.dll
0x00007ff989850000 - 0x00007ff9899fe000 	C:\WINDOWS\System32\USER32.dll
0x00007ff988190000 - 0x00007ff9881b6000 	C:\WINDOWS\System32\win32u.dll
0x00007ff975560000 - 0x00007ff9757f3000 	C:\WINDOWS\WinSxS\amd64_microsoft.windows.common-controls_6595b64144ccf1df_6.0.22621.2506_none_270c5ae97388e100\COMCTL32.dll
0x00007ff989bc0000 - 0x00007ff989be9000 	C:\WINDOWS\System32\GDI32.dll
0x00007ff989590000 - 0x00007ff989637000 	C:\WINDOWS\System32\msvcrt.dll
0x00007ff988990000 - 0x00007ff988aa8000 	C:\WINDOWS\System32\gdi32full.dll
0x00007ff988540000 - 0x00007ff9885da000 	C:\WINDOWS\System32\msvcp_win.dll
0x00007ff9897b0000 - 0x00007ff9897e1000 	C:\WINDOWS\System32\IMM32.DLL
0x00007ff9823f0000 - 0x00007ff9823fc000 	C:\Program Files\JetBrains\PhpStorm 2023.2.4\jbr\bin\vcruntime140_1.dll
0x00007ff95abb0000 - 0x00007ff95ac3d000 	C:\Program Files\JetBrains\PhpStorm 2023.2.4\jbr\bin\msvcp140.dll
0x00007ff9237d0000 - 0x00007ff924452000 	C:\Program Files\JetBrains\PhpStorm 2023.2.4\jbr\bin\server\jvm.dll
0x00007ff9896d0000 - 0x00007ff989783000 	C:\WINDOWS\System32\ADVAPI32.dll
0x00007ff989cf0000 - 0x00007ff989d98000 	C:\WINDOWS\System32\sechost.dll
0x00007ff988ab0000 - 0x00007ff988ad8000 	C:\WINDOWS\System32\bcrypt.dll
0x00007ff98abc0000 - 0x00007ff98acd7000 	C:\WINDOWS\System32\RPCRT4.dll
0x00007ff9823a0000 - 0x00007ff9823a9000 	C:\WINDOWS\SYSTEM32\WSOCK32.dll
0x00007ff981280000 - 0x00007ff9812b4000 	C:\WINDOWS\SYSTEM32\WINMM.dll
0x00007ff987fa0000 - 0x00007ff987fed000 	C:\WINDOWS\SYSTEM32\POWRPROF.dll
0x00007ff98ab30000 - 0x00007ff98aba1000 	C:\WINDOWS\System32\WS2_32.dll
0x00007ff97f9f0000 - 0x00007ff97f9fa000 	C:\WINDOWS\SYSTEM32\VERSION.dll
0x00007ff987f80000 - 0x00007ff987f93000 	C:\WINDOWS\SYSTEM32\UMPDC.dll
0x00007ff987100000 - 0x00007ff987118000 	C:\WINDOWS\SYSTEM32\kernel.appcore.dll
0x00007ff982390000 - 0x00007ff98239a000 	C:\Program Files\JetBrains\PhpStorm 2023.2.4\jbr\bin\jimage.dll
0x00007ff97ebc0000 - 0x00007ff97edf3000 	C:\WINDOWS\SYSTEM32\DBGHELP.DLL
0x00007ff9891b0000 - 0x00007ff989539000 	C:\WINDOWS\System32\combase.dll
0x00007ff989ea0000 - 0x00007ff989f77000 	C:\WINDOWS\System32\OLEAUT32.dll
0x00007ff97e370000 - 0x00007ff97e3a2000 	C:\WINDOWS\SYSTEM32\dbgcore.DLL
0x00007ff9882e0000 - 0x00007ff98835a000 	C:\WINDOWS\System32\bcryptPrimitives.dll
0x00007ff982360000 - 0x00007ff982385000 	C:\Program Files\JetBrains\PhpStorm 2023.2.4\jbr\bin\java.dll

dbghelp: loaded successfully - version: 4.0.5 - missing functions: none
symbol engine: initialized successfully - sym options: 0x614 - pdb path: .;C:\Program Files\JetBrains\PhpStorm 2023.2.4\jbr\bin;C:\WINDOWS\SYSTEM32;C:\WINDOWS\WinSxS\amd64_microsoft.windows.common-controls_6595b64144ccf1df_6.0.22621.2506_none_270c5ae97388e100;C:\Program Files\JetBrains\PhpStorm 2023.2.4\jbr\bin\server

VM Arguments:
java_command: git4idea.http.GitAskPassApp Password for 'https://gayanga@bitbucket.org': 
java_class_path (initial): C:/Program Files/JetBrains/PhpStorm 2023.2.4/plugins/vcs-git/lib/git4idea-rt.jar;C:/Program Files/JetBrains/PhpStorm 2023.2.4/lib/externalProcess-rt.jar
Launcher Type: SUN_STANDARD

[Global flags]
     intx CICompilerCount                          = 12                                        {product} {ergonomic}
     uint ConcGCThreads                            = 3                                         {product} {ergonomic}
     uint G1ConcRefinementThreads                  = 13                                        {product} {ergonomic}
   size_t G1HeapRegionSize                         = 2097152                                   {product} {ergonomic}
    uintx GCDrainStackTargetSize                   = 64                                        {product} {ergonomic}
   size_t InitialHeapSize                          = 260046848                                 {product} {ergonomic}
   size_t MarkStackSize                            = 4194304                                   {product} {ergonomic}
   size_t MaxHeapSize                              = 4139778048                                {product} {ergonomic}
   size_t MinHeapDeltaBytes                        = 2097152                                   {product} {ergonomic}
   size_t MinHeapSize                              = 8388608                                   {product} {ergonomic}
    uintx NonNMethodCodeHeapSize                   = 7602480                                {pd product} {ergonomic}
    uintx NonProfiledCodeHeapSize                  = 122027880                              {pd product} {ergonomic}
    uintx ProfiledCodeHeapSize                     = 122027880                              {pd product} {ergonomic}
    uintx ReservedCodeCacheSize                    = 251658240                              {pd product} {ergonomic}
     bool SegmentedCodeCache                       = true                                      {product} {ergonomic}
   size_t SoftMaxHeapSize                          = 4139778048                             {manageable} {ergonomic}
     bool UseCompressedClassPointers               = true                           {product lp64_product} {ergonomic}
     bool UseCompressedOops                        = true                           {product lp64_product} {ergonomic}
     bool UseG1GC                                  = true                                      {product} {ergonomic}
     bool UseLargePagesIndividualAllocation        = false                                  {pd product} {ergonomic}

Logging:
Log output configuration:
 #0: stdout all=warning uptime,level,tags
 #1: stderr all=off uptime,level,tags

Environment Variables:
PATH=C:\Program Files\Git\mingw64\libexec\git-core;C:\Program Files\Git\mingw64\libexec\git-core;C:\Program Files\Git\mingw64\bin;C:\Program Files\Git\usr\bin;C:\Users\gayanga\bin;C:\Windows\system32;C:\Windows;C:\Windows\System32\Wbem;C:\Windows\System32\WindowsPowerShell\v1.0;C:\Windows\System32\OpenSSH;C:\Program Files (x86)\NVIDIA Corporation\PhysX\Common;C:\Program Files\NVIDIA Corporation\NVIDIA NvDLISR;C:\Program Files\Git\cmd;C:\Program Files\nodejs;C:\xampp\php;C:\composer;C:\WINDOWS\system32;C:\WINDOWS;C:\WINDOWS\System32\Wbem;C:\WINDOWS\System32\WindowsPowerShell\v1.0;C:\WINDOWS\System32\OpenSSH;C:\Users\gayanga\AppData\Local\Programs\Python\Python312;C:\Program Files\dotnet;C:\Users\gayanga\AppData\Local\Programs\Python\Launcher;C:\Users\gayanga\AppData\Local\Microsoft\WindowsApps;C:\Program Files\JetBrains\PhpStorm 2023.2.4\bin;C:\Users\gayanga\AppData\Roaming\npm;C:\Users\gayanga\AppData\Roaming\Composer\vendor\bin
USERNAME=gayanga
DISPLAY=:0.0
LC_ALL=en_US.UTF-8
TERM=xterm-256color
TMPDIR=C:\Users\gayanga\AppData\Local\Temp
OS=Windows_NT
PROCESSOR_IDENTIFIER=AMD64 Family 23 Model 96 Stepping 1, AuthenticAMD
TMP=C:\Users\gayanga\AppData\Local\Temp
TEMP=C:\Users\gayanga\AppData\Local\Temp



Periodic native trim disabled

JNI global refs:
JNI global refs: 0, weak refs: 0

JNI global refs memory usage: 0, weak refs: 0

OOME stack traces (most recent first):
Classloader memory used:


---------------  S Y S T E M  ---------------

OS:
 Windows 11 , 64 bit Build 22621 (10.0.22621.2506)
OS uptime: 2 days 12:46 hours

CPU: total 16 (initial active 16) (16 cores per cpu, 2 threads per core) family 23 model 96 stepping 1 microcode 0x0, cx8, cmov, fxsr, ht, mmx, 3dnowpref, sse, sse2, sse3, ssse3, sse4a, sse4.1, sse4.2, popcnt, lzcnt, tsc, tscinvbit, avx, avx2, aes, clmul, bmi1, bmi2, adx, sha, fma, vzeroupper, clflush, clflushopt
Processor Information for all 16 processors :
  Max Mhz: 2900, Current Mhz: 2900, Mhz Limit: 2900

Memory: 4k page, system-wide physical 15791M (4129M free)
TotalPageFile size 43202M (AvailPageFile size 29M)
current process WorkingSet (physical memory assigned to process): 11M, peak: 11M
current process commit charge ("private bytes"): 70M, peak: 318M

vm_info: OpenJDK 64-Bit Server VM (17.0.9+7-b1087.9) for windows-amd64 JRE (17.0.9+7-b1087.9), built on 2023-12-05 by "builduser" with MS VC++ 16.10 / 16.11 (VS2019)

END.
